2020-01-25 17:27:19,561 INFO: Microblog startup [in C:\Project\Python\hao_read\app\__init__.py:57]
2020-01-25 17:27:43,335 ERROR: Exception on /auth/login [GET] [in C:\Users\hao.ren3\AppData\Local\Programs\Python\Python37\lib\site-packages\flask\app.py:1891]
Traceback (most recent call last):
  File "C:\Users\hao.ren3\AppData\Local\Programs\Python\Python37\lib\site-packages\flask\app.py", line 2446, in wsgi_app
    response = self.full_dispatch_request()
  File "C:\Users\hao.ren3\AppData\Local\Programs\Python\Python37\lib\site-packages\flask\app.py", line 1951, in full_dispatch_request
    rv = self.handle_user_exception(e)
  File "C:\Users\hao.ren3\AppData\Local\Programs\Python\Python37\lib\site-packages\flask\app.py", line 1820, in handle_user_exception
    reraise(exc_type, exc_value, tb)
  File "C:\Users\hao.ren3\AppData\Local\Programs\Python\Python37\lib\site-packages\flask\_compat.py", line 39, in reraise
    raise value
  File "C:\Users\hao.ren3\AppData\Local\Programs\Python\Python37\lib\site-packages\flask\app.py", line 1949, in full_dispatch_request
    rv = self.dispatch_request()
  File "C:\Users\hao.ren3\AppData\Local\Programs\Python\Python37\lib\site-packages\flask\app.py", line 1935, in dispatch_request
    return self.view_functions[rule.endpoint](**req.view_args)
  File "C:\Project\Python\hao_read\app\blueprint\auth\routes\login.py", line 16, in login
    if current_user.is_authenticated:
  File "C:\Users\hao.ren3\AppData\Local\Programs\Python\Python37\lib\site-packages\werkzeug\local.py", line 348, in __getattr__
    return getattr(self._get_current_object(), name)
  File "C:\Users\hao.ren3\AppData\Local\Programs\Python\Python37\lib\site-packages\werkzeug\local.py", line 307, in _get_current_object
    return self.__local()
  File "C:\Users\hao.ren3\AppData\Local\Programs\Python\Python37\lib\site-packages\flask_login\utils.py", line 26, in <lambda>
    current_user = LocalProxy(lambda: _get_user())
  File "C:\Users\hao.ren3\AppData\Local\Programs\Python\Python37\lib\site-packages\flask_login\utils.py", line 335, in _get_user
    current_app.login_manager._load_user()
  File "C:\Users\hao.ren3\AppData\Local\Programs\Python\Python37\lib\site-packages\flask_login\login_manager.py", line 353, in _load_user
    return self._load_from_cookie(request.cookies[cookie_name])
  File "C:\Users\hao.ren3\AppData\Local\Programs\Python\Python37\lib\site-packages\flask_login\login_manager.py", line 392, in _load_from_cookie
    self.reload_user()
  File "C:\Users\hao.ren3\AppData\Local\Programs\Python\Python37\lib\site-packages\flask_login\login_manager.py", line 317, in reload_user
    "No user_loader has been installed for this "
Exception: No user_loader has been installed for this LoginManager. Refer tohttps://flask-login.readthedocs.io/en/latest/#how-it-works for more info.
2020-01-25 17:29:00,526 INFO: Microblog startup [in C:\Project\Python\hao_read\app\__init__.py:57]
2020-01-25 17:29:57,788 INFO: Microblog startup [in C:\Project\Python\hao_read\app\__init__.py:57]
2020-01-25 17:30:02,938 INFO: Microblog startup [in C:\Project\Python\hao_read\app\__init__.py:57]
2020-01-25 17:30:08,373 INFO: Microblog startup [in C:\Project\Python\hao_read\app\__init__.py:57]
2020-01-25 17:30:35,979 INFO: Microblog startup [in C:\Project\Python\hao_read\app\__init__.py:57]
2020-01-25 17:30:36,864 INFO: Microblog startup [in C:\Project\Python\hao_read\app\__init__.py:57]
2020-01-25 17:33:52,582 INFO: Microblog startup [in C:\Project\Python\hao_read\app\__init__.py:57]
2020-01-25 17:51:02,619 INFO: Microblog startup [in C:\Project\Python\hao_read\app\__init__.py:57]
2020-01-25 17:51:20,206 INFO: Microblog startup [in C:\Project\Python\hao_read\app\__init__.py:57]
2020-01-25 17:52:13,098 INFO: Microblog startup [in C:\Project\Python\hao_read\app\__init__.py:57]
2020-01-25 17:52:38,814 INFO: Microblog startup [in C:\Project\Python\hao_read\app\__init__.py:57]
2020-01-25 17:52:52,977 INFO: Microblog startup [in C:\Project\Python\hao_read\app\__init__.py:57]
2020-01-25 17:53:24,266 INFO: Microblog startup [in C:\Project\Python\hao_read\app\__init__.py:57]
2020-01-25 17:53:36,543 INFO: Microblog startup [in C:\Project\Python\hao_read\app\__init__.py:57]
2020-01-25 17:54:13,408 INFO: Microblog startup [in C:\Project\Python\hao_read\app\__init__.py:57]
2020-01-25 19:29:12,261 INFO: Microblog startup [in C:\Project\Python\hao_read\app\__init__.py:57]
2020-01-25 19:29:28,513 INFO: Microblog startup [in C:\Project\Python\hao_read\app\__init__.py:57]
2020-01-25 19:33:04,145 INFO: Microblog startup [in C:\Project\Python\hao_read\app\__init__.py:57]
2020-01-25 20:16:17,616 INFO: Microblog startup [in C:\Project\Python\hao_read\app\__init__.py:57]
2020-01-25 20:16:30,235 INFO: Microblog startup [in C:\Project\Python\hao_read\app\__init__.py:57]
2020-01-25 20:16:43,935 INFO: Microblog startup [in C:\Project\Python\hao_read\app\__init__.py:57]
2020-01-25 20:21:51,065 INFO: Microblog startup [in C:\Project\Python\hao_read\app\__init__.py:60]
2020-01-25 20:21:51,937 INFO: Microblog startup [in C:\Project\Python\hao_read\app\__init__.py:60]
2020-01-25 20:22:36,333 INFO: Microblog startup [in C:\Project\Python\hao_read\app\__init__.py:60]
2020-01-25 20:22:44,704 INFO: Microblog startup [in C:\Project\Python\hao_read\app\__init__.py:60]
2020-01-25 20:23:07,929 INFO: Microblog startup [in C:\Project\Python\hao_read\app\__init__.py:60]
2020-01-25 20:23:39,703 INFO: Microblog startup [in C:\Project\Python\hao_read\app\__init__.py:60]
2020-01-25 20:24:28,259 INFO: Microblog startup [in C:\Project\Python\hao_read\app\__init__.py:60]
2020-01-25 20:24:37,744 INFO: Microblog startup [in C:\Project\Python\hao_read\app\__init__.py:60]
2020-01-25 20:25:18,980 INFO: Microblog startup [in C:\Project\Python\hao_read\app\__init__.py:60]
2020-01-25 20:25:41,208 INFO: Microblog startup [in C:\Project\Python\hao_read\app\__init__.py:60]
2020-01-25 20:25:45,395 INFO: Microblog startup [in C:\Project\Python\hao_read\app\__init__.py:60]
2020-01-25 20:25:54,923 INFO: Microblog startup [in C:\Project\Python\hao_read\app\__init__.py:60]
2020-01-25 20:26:26,659 INFO: Microblog startup [in C:\Project\Python\hao_read\app\__init__.py:60]
2020-01-25 20:26:47,786 INFO: Microblog startup [in C:\Project\Python\hao_read\app\__init__.py:60]
2020-01-25 20:27:05,859 INFO: Microblog startup [in C:\Project\Python\hao_read\app\__init__.py:60]
2020-01-25 20:27:57,639 INFO: Microblog startup [in C:\Project\Python\hao_read\app\__init__.py:60]
2020-01-25 20:29:07,468 INFO: Microblog startup [in C:\Project\Python\hao_read\app\__init__.py:60]
2020-01-25 20:29:24,397 INFO: Microblog startup [in C:\Project\Python\hao_read\app\__init__.py:60]
2020-01-25 20:31:21,750 INFO: Microblog startup [in C:\Project\Python\hao_read\app\__init__.py:60]
2020-01-25 20:31:22,614 INFO: Microblog startup [in C:\Project\Python\hao_read\app\__init__.py:60]
2020-01-25 20:33:40,152 INFO: Microblog startup [in C:\Project\Python\hao_read\app\__init__.py:60]
2020-01-25 20:33:51,746 INFO: Microblog startup [in C:\Project\Python\hao_read\app\__init__.py:60]
2020-01-25 20:34:02,286 INFO: Microblog startup [in C:\Project\Python\hao_read\app\__init__.py:60]
2020-01-25 20:35:49,195 INFO: Microblog startup [in C:\Project\Python\hao_read\app\__init__.py:60]
2020-01-25 20:35:54,080 INFO: Microblog startup [in C:\Project\Python\hao_read\app\__init__.py:60]
2020-01-25 20:36:33,892 INFO: Microblog startup [in C:\Project\Python\hao_read\app\__init__.py:60]
2020-01-25 20:36:34,765 INFO: Microblog startup [in C:\Project\Python\hao_read\app\__init__.py:60]
2020-01-25 20:37:51,884 INFO: Microblog startup [in C:\Project\Python\hao_read\app\__init__.py:60]
2020-01-25 20:37:55,649 INFO: Microblog startup [in C:\Project\Python\hao_read\app\__init__.py:60]
2020-01-25 20:38:00,844 INFO: Microblog startup [in C:\Project\Python\hao_read\app\__init__.py:60]
2020-01-25 20:38:01,872 INFO: Microblog startup [in C:\Project\Python\hao_read\app\__init__.py:60]
2020-01-25 20:52:13,684 INFO: Microblog startup [in C:\Project\Python\hao_read\app\__init__.py:60]
2020-01-25 20:52:24,026 INFO: Microblog startup [in C:\Project\Python\hao_read\app\__init__.py:60]
2020-01-25 20:53:49,381 INFO: Microblog startup [in C:\Project\Python\hao_read\app\__init__.py:60]
2020-01-25 20:53:54,803 INFO: Microblog startup [in C:\Project\Python\hao_read\app\__init__.py:60]
2020-01-25 20:54:41,917 INFO: Microblog startup [in C:\Project\Python\hao_read\app\__init__.py:60]
2020-01-25 20:54:48,198 INFO: Microblog startup [in C:\Project\Python\hao_read\app\__init__.py:60]
2020-01-25 20:55:09,993 INFO: Microblog startup [in C:\Project\Python\hao_read\app\__init__.py:60]
2020-01-25 20:55:16,478 INFO: Microblog startup [in C:\Project\Python\hao_read\app\__init__.py:60]
2020-01-25 20:55:22,427 INFO: Microblog startup [in C:\Project\Python\hao_read\app\__init__.py:60]
2020-01-25 20:56:51,291 INFO: Microblog startup [in C:\Project\Python\hao_read\app\__init__.py:60]
2020-01-25 20:56:56,471 INFO: Microblog startup [in C:\Project\Python\hao_read\app\__init__.py:60]
2020-01-25 21:00:08,687 INFO: Microblog startup [in C:\Project\Python\hao_read\app\__init__.py:60]
2020-01-25 21:00:11,860 INFO: Microblog startup [in C:\Project\Python\hao_read\app\__init__.py:60]
2020-01-25 21:16:06,530 INFO: Microblog startup [in C:\Project\Python\hao_read\app\__init__.py:60]
2020-01-25 21:16:11,562 INFO: Microblog startup [in C:\Project\Python\hao_read\app\__init__.py:60]
2020-01-25 21:19:06,978 INFO: Microblog startup [in C:\Project\Python\hao_read\app\__init__.py:60]
2020-01-25 21:19:14,190 INFO: Microblog startup [in C:\Project\Python\hao_read\app\__init__.py:60]
2020-01-25 21:19:15,068 INFO: Microblog startup [in C:\Project\Python\hao_read\app\__init__.py:60]
2020-01-25 21:22:09,498 INFO: Microblog startup [in C:\Project\Python\hao_read\app\__init__.py:60]
2020-01-25 21:26:20,032 INFO: Microblog startup [in C:\Project\Python\hao_read\app\__init__.py:60]
2020-01-25 21:26:24,473 INFO: Microblog startup [in C:\Project\Python\hao_read\app\__init__.py:60]
2020-01-25 21:27:04,480 INFO: Microblog startup [in C:\Project\Python\hao_read\app\__init__.py:60]
2020-01-25 21:27:05,346 INFO: Microblog startup [in C:\Project\Python\hao_read\app\__init__.py:60]
2020-01-25 21:28:48,260 INFO: Microblog startup [in C:\Project\Python\hao_read\app\__init__.py:60]
2020-01-25 21:29:16,817 INFO: Microblog startup [in C:\Project\Python\hao_read\app\__init__.py:60]
2020-01-25 21:29:59,192 INFO: Microblog startup [in C:\Project\Python\hao_read\app\__init__.py:60]
2020-01-25 21:30:27,691 INFO: Microblog startup [in C:\Project\Python\hao_read\app\__init__.py:60]
2020-01-25 21:34:36,339 INFO: Microblog startup [in C:\Project\Python\hao_read\app\__init__.py:60]
2020-01-25 21:34:58,518 INFO: Microblog startup [in C:\Project\Python\hao_read\app\__init__.py:60]
2020-01-25 21:35:42,843 INFO: Microblog startup [in C:\Project\Python\hao_read\app\__init__.py:60]
2020-01-25 21:36:07,083 INFO: Microblog startup [in C:\Project\Python\hao_read\app\__init__.py:60]
2020-01-25 21:37:30,883 INFO: Microblog startup [in C:\Project\Python\hao_read\app\__init__.py:60]
2020-01-25 21:40:46,241 INFO: Microblog startup [in C:\Project\Python\hao_read\app\__init__.py:60]
2020-01-25 21:42:55,148 INFO: Microblog startup [in C:\Project\Python\hao_read\app\__init__.py:60]
2020-01-25 21:44:13,460 INFO: Microblog startup [in C:\Project\Python\hao_read\app\__init__.py:60]
2020-01-25 21:44:47,454 INFO: Microblog startup [in C:\Project\Python\hao_read\app\__init__.py:60]
2020-01-25 21:45:06,428 INFO: Microblog startup [in C:\Project\Python\hao_read\app\__init__.py:60]
2020-01-25 21:45:17,080 INFO: Microblog startup [in C:\Project\Python\hao_read\app\__init__.py:60]
2020-01-25 21:45:48,809 INFO: Microblog startup [in C:\Project\Python\hao_read\app\__init__.py:60]
2020-01-25 21:46:03,610 INFO: Microblog startup [in C:\Project\Python\hao_read\app\__init__.py:60]
2020-01-25 21:46:17,327 INFO: Microblog startup [in C:\Project\Python\hao_read\app\__init__.py:60]
2020-01-25 21:47:03,896 INFO: Microblog startup [in C:\Project\Python\hao_read\app\__init__.py:60]
2020-01-25 21:47:17,612 INFO: Microblog startup [in C:\Project\Python\hao_read\app\__init__.py:60]
2020-01-25 21:47:38,778 INFO: Microblog startup [in C:\Project\Python\hao_read\app\__init__.py:60]
2020-01-25 21:48:45,290 INFO: Microblog startup [in C:\Project\Python\hao_read\app\__init__.py:60]
2020-01-25 21:48:56,959 INFO: Microblog startup [in C:\Project\Python\hao_read\app\__init__.py:60]
2020-01-25 21:56:08,014 INFO: Microblog startup [in C:\Project\Python\hao_read\app\__init__.py:60]
2020-01-25 22:11:39,079 INFO: Microblog startup [in C:\Project\Python\hao_read\app\__init__.py:60]
2020-01-25 22:11:40,015 INFO: Microblog startup [in C:\Project\Python\hao_read\app\__init__.py:60]
2020-01-25 22:12:21,437 INFO: Microblog startup [in C:\Project\Python\hao_read\app\__init__.py:60]
2020-01-25 22:12:28,089 INFO: Microblog startup [in C:\Project\Python\hao_read\app\__init__.py:60]
2020-01-25 22:12:36,470 INFO: Microblog startup [in C:\Project\Python\hao_read\app\__init__.py:60]
2020-01-25 22:12:39,556 INFO: Microblog startup [in C:\Project\Python\hao_read\app\__init__.py:60]
2020-01-25 22:12:40,443 INFO: Microblog startup [in C:\Project\Python\hao_read\app\__init__.py:60]
2020-01-25 22:14:23,555 INFO: Microblog startup [in C:\Project\Python\hao_read\app\__init__.py:60]
2020-01-25 22:14:29,058 INFO: Microblog startup [in C:\Project\Python\hao_read\app\__init__.py:60]
2020-01-25 22:15:12,043 INFO: Microblog startup [in C:\Project\Python\hao_read\app\__init__.py:60]
2020-01-25 22:15:15,595 INFO: Microblog startup [in C:\Project\Python\hao_read\app\__init__.py:60]
2020-01-25 22:15:20,870 INFO: Microblog startup [in C:\Project\Python\hao_read\app\__init__.py:60]
2020-01-25 22:15:21,769 INFO: Microblog startup [in C:\Project\Python\hao_read\app\__init__.py:60]
2020-01-25 22:20:50,081 INFO: Microblog startup [in C:\Project\Python\hao_read\app\__init__.py:60]
2020-01-25 22:20:52,257 INFO: Microblog startup [in C:\Project\Python\hao_read\app\__init__.py:60]
2020-01-25 22:21:31,630 INFO: Microblog startup [in C:\Project\Python\hao_read\app\__init__.py:60]
2020-01-25 22:29:58,436 INFO: Microblog startup [in C:\Project\Python\hao_read\app\__init__.py:60]
2020-01-25 22:30:47,069 INFO: Microblog startup [in C:\Project\Python\hao_read\app\__init__.py:60]
2020-01-25 22:33:45,971 INFO: Microblog startup [in C:\Project\Python\hao_read\app\__init__.py:60]
2020-01-25 22:34:07,101 INFO: Microblog startup [in C:\Project\Python\hao_read\app\__init__.py:60]
2020-01-25 22:34:12,374 INFO: Microblog startup [in C:\Project\Python\hao_read\app\__init__.py:60]
2020-01-25 22:36:02,285 INFO: Microblog startup [in C:\Project\Python\hao_read\app\__init__.py:60]
2020-01-25 22:36:41,501 INFO: Microblog startup [in C:\Project\Python\hao_read\app\__init__.py:60]
2020-01-25 22:36:53,125 INFO: Microblog startup [in C:\Project\Python\hao_read\app\__init__.py:60]
2020-01-25 22:37:03,669 INFO: Microblog startup [in C:\Project\Python\hao_read\app\__init__.py:60]
2020-01-25 22:38:18,109 INFO: Microblog startup [in C:\Project\Python\hao_read\app\__init__.py:60]
2020-01-25 22:39:00,401 INFO: Microblog startup [in C:\Project\Python\hao_read\app\__init__.py:60]
2020-01-25 22:39:17,410 INFO: Microblog startup [in C:\Project\Python\hao_read\app\__init__.py:60]
2020-01-25 22:39:35,368 INFO: Microblog startup [in C:\Project\Python\hao_read\app\__init__.py:60]
2020-01-25 22:39:56,472 INFO: Microblog startup [in C:\Project\Python\hao_read\app\__init__.py:60]
2020-01-25 22:40:10,204 INFO: Microblog startup [in C:\Project\Python\hao_read\app\__init__.py:60]
2020-01-25 22:40:20,781 INFO: Microblog startup [in C:\Project\Python\hao_read\app\__init__.py:60]
2020-01-25 22:44:03,809 INFO: Microblog startup [in C:\Project\Python\hao_read\app\__init__.py:60]
2020-01-25 22:45:17,137 INFO: Microblog startup [in C:\Project\Python\hao_read\app\__init__.py:60]
2020-01-25 22:45:36,191 INFO: Microblog startup [in C:\Project\Python\hao_read\app\__init__.py:60]
2020-01-25 22:45:44,759 INFO: Microblog startup [in C:\Project\Python\hao_read\app\__init__.py:60]
2020-01-25 22:47:13,878 INFO: Microblog startup [in C:\Project\Python\hao_read\app\__init__.py:60]
2020-01-25 22:50:07,982 INFO: Microblog startup [in C:\Project\Python\hao_read\app\__init__.py:60]
2020-01-25 22:50:29,191 INFO: Microblog startup [in C:\Project\Python\hao_read\app\__init__.py:60]
2020-01-26 11:05:15,206 INFO: Microblog startup [in C:\Project\Python\hao_read\app\__init__.py:60]
2020-01-26 11:05:16,087 INFO: Microblog startup [in C:\Project\Python\hao_read\app\__init__.py:60]
2020-01-26 11:26:13,752 INFO: Microblog startup [in C:\Project\Python\hao_read\app\__init__.py:60]
2020-01-26 11:26:44,491 INFO: Microblog startup [in C:\Project\Python\hao_read\app\__init__.py:60]
2020-01-26 11:26:46,630 INFO: Microblog startup [in C:\Project\Python\hao_read\app\__init__.py:60]
2020-01-26 11:26:49,760 INFO: Microblog startup [in C:\Project\Python\hao_read\app\__init__.py:60]
2020-01-26 11:27:07,827 INFO: Microblog startup [in C:\Project\Python\hao_read\app\__init__.py:60]
2020-01-26 12:14:22,577 INFO: Microblog startup [in C:\Project\Python\hao_read\app\__init__.py:60]
2020-01-26 12:14:24,677 INFO: Microblog startup [in C:\Project\Python\hao_read\app\__init__.py:60]
2020-01-26 12:15:42,103 INFO: Microblog startup [in C:\Project\Python\hao_read\app\__init__.py:60]
2020-01-26 12:16:41,411 INFO: Microblog startup [in C:\Project\Python\hao_read\app\__init__.py:60]
2020-01-26 12:17:08,977 INFO: Microblog startup [in C:\Project\Python\hao_read\app\__init__.py:60]
2020-01-26 12:19:00,299 INFO: Microblog startup [in C:\Project\Python\hao_read\app\__init__.py:60]
2020-01-26 12:19:22,712 INFO: Microblog startup [in C:\Project\Python\hao_read\app\__init__.py:60]
2020-01-26 12:19:30,519 INFO: Microblog startup [in C:\Project\Python\hao_read\app\__init__.py:60]
2020-01-26 12:20:16,126 INFO: Microblog startup [in C:\Project\Python\hao_read\app\__init__.py:60]
2020-01-26 12:20:23,528 INFO: Microblog startup [in C:\Project\Python\hao_read\app\__init__.py:60]
2020-01-26 12:20:28,816 INFO: Microblog startup [in C:\Project\Python\hao_read\app\__init__.py:60]
2020-01-26 12:21:00,764 INFO: Microblog startup [in C:\Project\Python\hao_read\app\__init__.py:60]
2020-01-26 12:21:11,354 INFO: Microblog startup [in C:\Project\Python\hao_read\app\__init__.py:60]
2020-01-26 12:21:13,500 INFO: Microblog startup [in C:\Project\Python\hao_read\app\__init__.py:60]
2020-01-26 12:21:16,660 INFO: Microblog startup [in C:\Project\Python\hao_read\app\__init__.py:60]
2020-01-26 12:21:39,079 INFO: Microblog startup [in C:\Project\Python\hao_read\app\__init__.py:60]
2020-01-26 12:22:30,221 INFO: Microblog startup [in C:\Project\Python\hao_read\app\__init__.py:60]
2020-01-26 12:22:34,964 INFO: Microblog startup [in C:\Project\Python\hao_read\app\__init__.py:60]
2020-01-26 12:22:48,251 INFO: Microblog startup [in C:\Project\Python\hao_read\app\__init__.py:60]
2020-01-26 12:22:49,182 INFO: Microblog startup [in C:\Project\Python\hao_read\app\__init__.py:60]
2020-01-26 12:23:42,496 INFO: Microblog startup [in C:\Project\Python\hao_read\app\__init__.py:60]
2020-01-26 12:24:30,419 INFO: Microblog startup [in C:\Project\Python\hao_read\app\__init__.py:60]
2020-01-26 12:24:46,341 INFO: Microblog startup [in C:\Project\Python\hao_read\app\__init__.py:60]
2020-01-26 12:25:15,001 INFO: Microblog startup [in C:\Project\Python\hao_read\app\__init__.py:60]
2020-01-26 12:27:36,428 INFO: Microblog startup [in C:\Project\Python\hao_read\app\__init__.py:60]
2020-01-26 12:28:10,346 INFO: Microblog startup [in C:\Project\Python\hao_read\app\__init__.py:60]
2020-01-26 12:29:02,319 INFO: Microblog startup [in C:\Project\Python\hao_read\app\__init__.py:60]
2020-01-26 12:29:06,523 INFO: Microblog startup [in C:\Project\Python\hao_read\app\__init__.py:60]
2020-01-26 12:29:30,930 INFO: Microblog startup [in C:\Project\Python\hao_read\app\__init__.py:60]
2020-01-26 12:30:22,251 INFO: Microblog startup [in C:\Project\Python\hao_read\app\__init__.py:60]
2020-01-26 12:30:27,860 INFO: Microblog startup [in C:\Project\Python\hao_read\app\__init__.py:60]
2020-01-26 12:30:31,335 INFO: Microblog startup [in C:\Project\Python\hao_read\app\__init__.py:60]
2020-01-26 12:30:32,222 INFO: Microblog startup [in C:\Project\Python\hao_read\app\__init__.py:60]
2020-01-26 12:31:21,228 INFO: Microblog startup [in C:\Project\Python\hao_read\app\__init__.py:60]
2020-01-26 12:39:49,753 INFO: Microblog startup [in C:\Project\Python\hao_read\app\__init__.py:60]
2020-01-26 12:40:08,807 INFO: Microblog startup [in C:\Project\Python\hao_read\app\__init__.py:60]
2020-01-26 12:40:54,369 INFO: Microblog startup [in C:\Project\Python\hao_read\app\__init__.py:60]
2020-01-26 12:42:09,740 INFO: Microblog startup [in C:\Project\Python\hao_read\app\__init__.py:60]
2020-01-26 12:42:36,263 INFO: Microblog startup [in C:\Project\Python\hao_read\app\__init__.py:60]
2020-01-26 12:43:11,226 INFO: Microblog startup [in C:\Project\Python\hao_read\app\__init__.py:60]
2020-01-26 12:46:42,586 INFO: Microblog startup [in C:\Project\Python\hao_read\app\__init__.py:60]
2020-01-26 12:46:43,465 INFO: Microblog startup [in C:\Project\Python\hao_read\app\__init__.py:60]
2020-01-26 12:48:27,700 INFO: Microblog startup [in C:\Project\Python\hao_read\app\__init__.py:60]
2020-01-26 12:49:04,879 INFO: Microblog startup [in C:\Project\Python\hao_read\app\__init__.py:60]
2020-01-26 12:50:40,952 INFO: Microblog startup [in C:\Project\Python\hao_read\app\__init__.py:60]
2020-01-26 12:51:44,709 INFO: Microblog startup [in C:\Project\Python\hao_read\app\__init__.py:60]
2020-01-26 12:51:54,204 INFO: Microblog startup [in C:\Project\Python\hao_read\app\__init__.py:60]
2020-01-26 12:52:14,618 INFO: Microblog startup [in C:\Project\Python\hao_read\app\__init__.py:60]
2020-01-26 12:52:32,686 INFO: Microblog startup [in C:\Project\Python\hao_read\app\__init__.py:60]
2020-01-26 13:08:01,963 INFO: Microblog startup [in C:\Project\Python\hao_read\app\__init__.py:60]
2020-01-26 13:08:17,855 INFO: Microblog startup [in C:\Project\Python\hao_read\app\__init__.py:60]
2020-01-26 13:09:05,600 INFO: Microblog startup [in C:\Project\Python\hao_read\app\__init__.py:60]
2020-01-26 13:09:47,111 INFO: Microblog startup [in C:\Project\Python\hao_read\app\__init__.py:60]
2020-01-26 13:10:11,438 INFO: Microblog startup [in C:\Project\Python\hao_read\app\__init__.py:60]
2020-01-26 13:10:27,294 INFO: Microblog startup [in C:\Project\Python\hao_read\app\__init__.py:60]
2020-01-26 13:10:44,334 INFO: Microblog startup [in C:\Project\Python\hao_read\app\__init__.py:60]
2020-01-26 13:11:34,507 INFO: Microblog startup [in C:\Project\Python\hao_read\app\__init__.py:60]
2020-01-26 13:51:31,054 INFO: Microblog startup [in C:\Project\Python\hao_read\app\__init__.py:60]
2020-01-26 13:52:24,012 INFO: Microblog startup [in C:\Project\Python\hao_read\app\__init__.py:60]
2020-01-26 13:52:53,648 INFO: Microblog startup [in C:\Project\Python\hao_read\app\__init__.py:60]
2020-01-26 13:53:19,052 INFO: Microblog startup [in C:\Project\Python\hao_read\app\__init__.py:60]
2020-01-26 13:56:00,423 INFO: Microblog startup [in C:\Project\Python\hao_read\app\__init__.py:60]
2020-01-26 13:56:05,293 INFO: Microblog startup [in C:\Project\Python\hao_read\app\__init__.py:60]
2020-01-26 14:07:53,985 INFO: Microblog startup [in C:\Project\Python\hao_read\app\__init__.py:60]
2020-01-26 14:07:54,862 INFO: Microblog startup [in C:\Project\Python\hao_read\app\__init__.py:60]
2020-01-26 14:10:24,804 INFO: Microblog startup [in C:\Project\Python\hao_read\app\__init__.py:60]
2020-01-26 14:11:09,544 INFO: Microblog startup [in C:\Project\Python\hao_read\app\__init__.py:60]
2020-01-26 14:11:40,349 INFO: Microblog startup [in C:\Project\Python\hao_read\app\__init__.py:60]
2020-01-26 14:12:39,930 INFO: Microblog startup [in C:\Project\Python\hao_read\app\__init__.py:60]
2020-01-26 14:12:49,553 INFO: Microblog startup [in C:\Project\Python\hao_read\app\__init__.py:60]
2020-01-26 14:15:02,521 INFO: Microblog startup [in C:\Project\Python\hao_read\app\__init__.py:60]
2020-01-26 14:15:16,488 INFO: Microblog startup [in C:\Project\Python\hao_read\app\__init__.py:60]
2020-01-26 14:22:21,092 INFO: Microblog startup [in C:\Project\Python\hao_read\app\__init__.py:60]
2020-01-26 14:22:27,185 INFO: Microblog startup [in C:\Project\Python\hao_read\app\__init__.py:60]
2020-01-26 14:22:35,463 INFO: Microblog startup [in C:\Project\Python\hao_read\app\__init__.py:60]
2020-01-26 14:22:36,325 INFO: Microblog startup [in C:\Project\Python\hao_read\app\__init__.py:60]
2020-01-26 14:25:59,761 INFO: Microblog startup [in C:\Project\Python\hao_read\app\__init__.py:60]
2020-01-26 14:26:48,635 INFO: Microblog startup [in C:\Project\Python\hao_read\app\__init__.py:60]
2020-01-26 14:28:50,073 INFO: Microblog startup [in C:\Project\Python\hao_read\app\__init__.py:60]
2020-01-26 14:30:39,184 INFO: Microblog startup [in C:\Project\Python\hao_read\app\__init__.py:60]
2020-01-26 14:30:40,052 INFO: Microblog startup [in C:\Project\Python\hao_read\app\__init__.py:60]
2020-01-26 14:32:39,249 INFO: Microblog startup [in C:\Project\Python\hao_read\app\__init__.py:60]
2020-01-26 14:32:46,703 INFO: Microblog startup [in C:\Project\Python\hao_read\app\__init__.py:60]
2020-01-26 14:33:10,291 INFO: Microblog startup [in C:\Project\Python\hao_read\app\__init__.py:60]
2020-01-26 14:33:13,471 INFO: Microblog startup [in C:\Project\Python\hao_read\app\__init__.py:60]
2020-01-26 14:33:16,595 INFO: Microblog startup [in C:\Project\Python\hao_read\app\__init__.py:60]
